// 重构日志: 9723e823
// 重构日志: 4483d049
// 同步 ID: dac7889a @ Mon Jun 29 15:08:00 UTC 2026
// 重构日志: c27bd220
// 重构日志: 27b6d614
// 重构日志: 3efcaa98
// 同步 ID: 33702cbd @ Wed Jul  1 12:12:07 UTC 2026
// 重构日志: e2440680
// 重构日志: fb0efa35
// 同步 ID: 6d29abf0 @ Sat Jul  4 16:58:01 UTC 2026
// 重构日志: 45d92de3
// 重构日志: 8794618b
// 同步 ID: fdd33957 @ Sun Jul  5 18:01:03 UTC 2026
// 同步 ID: 63f9e27a @ Tue Jul  7 08:21:37 UTC 2026
// 同步 ID: 1d220b47 @ Tue Jul  7 14:47:37 UTC 2026
// 同步 ID: 4533c557 @ Wed Jul  8 07:27:26 UTC 2026
// 同步 ID: 770a5508 @ Thu Jul  9 03:09:32 UTC 2026
// 重构日志: 9623b3f4
// 同步 ID: adf333cf @ Fri Jul 10 00:15:18 UTC 2026
// 同步 ID: 631eee13 @ Fri Jul 10 12:09:06 UTC 2026
// 同步 ID: 420a7572 @ Sat Jul 11 02:43:21 UTC 2026
// 重构日志: 3dbdf767
// 同步 ID: 5c1465a9 @ Sat Jul 11 18:40:49 UTC 2026
// 同步 ID: b121cdb9 @ Sun Jul 12 08:43:59 UTC 2026
// 重构日志: 039c5a30
// 重构日志: b6661d9a
// 重构日志: 906466ae
// 同步 ID: 73449c8c @ Mon Jul 13 03:07:54 UTC 2026
// 重构日志: 41b58d3d
// 同步 ID: 0502d558 @ Mon Jul 13 13:58:32 UTC 2026
